<?xml version="1.0" encoding="UTF-8"?>
<!-- Generated by org.testng.reporters.JUnitReportReporter -->
<testsuite hostname="TYSS-Abhay-Kumar" failures="0" tests="1" name="CRUDWithBDD.GetOperation" time="6.154" errors="0" timestamp="2024-07-03T16:20:56 IST" skipped="0">
  <testcase classname="CRUDWithBDD.GetOperation" name="getAllProject" time="6.154"/>
  <system-out/>
</testsuite> <!-- CRUDWithBDD.GetOperation -->
