<?xml version="1.0" encoding="UTF-8"?>
<!-- Generated by org.testng.reporters.JUnitReportReporter -->
<testsuite hostname="TYSS-Abhay-Kumar" failures="0" tests="1" name="authentication.BasicAuthTest" time="1.675" errors="0" timestamp="2024-06-26T14:44:38 IST" skipped="0">
  <testcase classname="authentication.BasicAuthTest" name="basicAuthentication" time="1.675"/>
  <system-out/>
</testsuite> <!-- authentication.BasicAuthTest -->
