<?xml version="1.0" encoding="UTF-8"?>
<!-- Generated by org.testng.reporters.JUnitReportReporter -->
<testsuite hostname="TYSS-Abhay-Kumar" failures="0" tests="1" name="CRUDWithoutBDD.UpdateWithPatch" time="2.836" errors="0" timestamp="2024-06-20T18:09:40 IST" skipped="0">
  <testcase classname="CRUDWithoutBDD.UpdateWithPatch" name="updateUsingPatch" time="2.836"/>
  <system-out/>
</testsuite> <!-- CRUDWithoutBDD.UpdateWithPatch -->
