<?xml version="1.0" encoding="UTF-8"?>
<!-- Generated by org.testng.reporters.JUnitReportReporter -->
<testsuite hostname="TYSS-Abhay-Kumar" failures="0" tests="1" name="authentication.DigestAuth" time="1.529" errors="0" timestamp="2024-06-26T14:45:10 IST" skipped="0">
  <testcase classname="authentication.DigestAuth" name="basicAuthentication" time="1.529"/>
  <system-out/>
</testsuite> <!-- authentication.DigestAuth -->
