<?xml version="1.0" encoding="UTF-8"?>
<!-- Generated by org.testng.reporters.JUnitReportReporter -->
<testsuite hostname="TYSS-Abhay-Kumar" failures="0" tests="1" name="theParameters.PathParameters" time="4.177" errors="0" timestamp="2024-06-24T13:22:59 IST" skipped="0">
  <testcase classname="theParameters.PathParameters" name="useOfPathParameter" time="4.177"/>
  <system-out/>
</testsuite> <!-- theParameters.PathParameters -->
