<?xml version="1.0" encoding="UTF-8"?>
<!-- Generated by org.testng.reporters.JUnitReportReporter -->
<testsuite hostname="TYSS-Abhay-Kumar" failures="0" tests="1" name="CRUDWithoutBDD.UpdateTheProject" time="2.941" errors="0" timestamp="2024-06-20T18:07:33 IST" skipped="0">
  <testcase classname="CRUDWithoutBDD.UpdateTheProject" name="updateProj" time="2.941"/>
  <system-out/>
</testsuite> <!-- CRUDWithoutBDD.UpdateTheProject -->
