<?xml version="1.0" encoding="UTF-8"?>
<!-- Generated by org.testng.reporters.JUnitReportReporter -->
<testsuite hostname="TYSS-Abhay-Kumar" failures="0" tests="1" name="requestChaining.GetPayrollInfoTest" time="2.421" errors="0" timestamp="2024-06-25T13:29:22 IST" skipped="0">
  <testcase classname="requestChaining.GetPayrollInfoTest" name="payrollInfo" time="2.421"/>
  <system-out/>
</testsuite> <!-- requestChaining.GetPayrollInfoTest -->
