<?xml version="1.0" encoding="UTF-8"?>
<!-- Generated by org.testng.reporters.JUnitReportReporter -->
<testsuite hostname="TYSS-Abhay-Kumar" failures="0" tests="1" name="CRUDWithoutBDD.CreateAProject" time="2.905" errors="0" timestamp="2024-06-20T18:06:29 IST" skipped="0">
  <testcase classname="CRUDWithoutBDD.CreateAProject" name="createProject" time="2.905"/>
  <system-out/>
</testsuite> <!-- CRUDWithoutBDD.CreateAProject -->
