<?xml version="1.0" encoding="UTF-8"?>
<!-- Generated by org.testng.reporters.JUnitReportReporter -->
<testsuite hostname="TYSS-Abhay-Kumar" failures="0" tests="1" name="complexRequest.ComplexPostRequestTest" time="2.591" errors="0" timestamp="2024-06-21T17:28:33 IST" skipped="0">
  <testcase classname="complexRequest.ComplexPostRequestTest" name="postWithJSONfile" time="2.591"/>
  <system-out/>
</testsuite> <!-- complexRequest.ComplexPostRequestTest -->
