<?xml version="1.0" encoding="UTF-8"?>
<!-- Generated by org.testng.reporters.JUnitReportReporter -->
<testsuite hostname="TYSS-Abhay-Kumar" failures="0" tests="1" name="authentication.BearerTokenTest" time="1.425" errors="0" timestamp="2024-06-25T15:04:49 IST" skipped="0">
  <testcase classname="authentication.BearerTokenTest" name="bearerTokenUsage" time="1.425"/>
  <system-out/>
</testsuite> <!-- authentication.BearerTokenTest -->
