<?xml version="1.0" encoding="UTF-8"?>
<!-- Generated by org.testng.reporters.JUnitReportReporter -->
<testsuite hostname="TYSS-Abhay-Kumar" failures="0" tests="1" name="authentication.PreemptiveAuth" time="1.512" errors="0" timestamp="2024-06-26T14:45:26 IST" skipped="0">
  <testcase classname="authentication.PreemptiveAuth" name="basicAuthentication" time="1.512"/>
  <system-out/>
</testsuite> <!-- authentication.PreemptiveAuth -->
