<?xml version="1.0" encoding="UTF-8"?>
<!-- Generated by org.testng.reporters.JUnitReportReporter -->
<testsuite hostname="TYSS-Abhay-Kumar" failures="0" tests="1" name="responseValidationUsingRestAssuredAssertions.ResponseBodyValdationTest" time="3.936" errors="0" timestamp="2024-06-22T13:03:42 IST" skipped="0">
  <testcase classname="responseValidationUsingRestAssuredAssertions.ResponseBodyValdationTest" name="responseBodyValidationJsonPath" time="3.936"/>
  <system-out/>
</testsuite> <!-- responseValidationUsingRestAssuredAssertions.ResponseBodyValdationTest -->
