<?xml version="1.0" encoding="UTF-8"?>
<!-- Generated by org.testng.reporters.JUnitReportReporter -->
<testsuite hostname="TYSS-Abhay-Kumar" failures="0" tests="1" name="Encryption.Encode$Decode" time="1.558" errors="0" timestamp="2024-06-25T11:03:56 IST" skipped="0">
  <testcase classname="Encryption.Encode$Decode" name="base64EncodingDecoding" time="1.558"/>
  <system-out/>
</testsuite> <!-- Encryption.Encode$Decode -->
