<?xml version="1.0" encoding="UTF-8"?>
<!-- Generated by org.testng.reporters.JUnitReportReporter -->
<testsuite hostname="TYSS-Abhay-Kumar" failures="0" tests="1" name="CRUDWithoutBDD.GetAllProject" time="2.730" errors="0" timestamp="2024-06-21T17:34:58 IST" skipped="0">
  <testcase classname="CRUDWithoutBDD.GetAllProject" name="getAllProjects" time="2.730"/>
  <system-out/>
</testsuite> <!-- CRUDWithoutBDD.GetAllProject -->
