<?xml version="1.0" encoding="UTF-8"?>
<!-- Generated by org.testng.reporters.JUnitReportReporter -->
<testsuite hostname="TYSS-Abhay-Kumar" failures="0" tests="1" name="reqResTest.SampleTest" time="3.178" errors="0" timestamp="2024-06-20T15:36:05 IST" skipped="0">
  <testcase classname="reqResTest.SampleTest" name="get" time="3.178"/>
  <system-out/>
</testsuite> <!-- reqResTest.SampleTest -->
