<?xml version="1.0" encoding="UTF-8"?>
<!-- Generated by org.testng.reporters.JUnitReportReporter -->
<testsuite hostname="TYSS-Abhay-Kumar" failures="0" tests="1" name="responseValidationUsingRestAssuredAssertions.VerifyData_ComplexJSONXpathTest" time="2.924" errors="0" timestamp="2024-06-22T13:34:16 IST" skipped="0">
  <testcase classname="responseValidationUsingRestAssuredAssertions.VerifyData_ComplexJSONXpathTest" name="jsonXpath" time="2.924"/>
  <system-out/>
</testsuite> <!-- responseValidationUsingRestAssuredAssertions.VerifyData_ComplexJSONXpathTest -->
