<?xml version="1.0" encoding="UTF-8"?>
<!-- Generated by org.testng.reporters.JUnitReportReporter -->
<testsuite hostname="TYSS-Abhay-Kumar" failures="0" tests="1" name="theParameters.QueryParam" time="2.858" errors="0" timestamp="2024-06-24T13:28:40 IST" skipped="0">
  <testcase classname="theParameters.QueryParam" name="useOfQueryParameter" time="2.858"/>
  <system-out/>
</testsuite> <!-- theParameters.QueryParam -->
