<?xml version="1.0" encoding="UTF-8"?>
<!-- Generated by org.testng.reporters.JUnitReportReporter -->
<testsuite hostname="TYSS-Abhay-Kumar" failures="0" tests="1" name="CRUDWithoutBDD.DeleteProject" time="2.495" errors="0" timestamp="2024-06-20T18:12:20 IST" skipped="0">
  <testcase classname="CRUDWithoutBDD.DeleteProject" name="deleteOperation" time="2.495"/>
  <system-out/>
</testsuite> <!-- CRUDWithoutBDD.DeleteProject -->
