<?xml version="1.0" encoding="UTF-8"?>
<!-- Generated by org.testng.reporters.JUnitReportReporter -->
<testsuite hostname="TYSS-Abhay-Kumar" failures="0" tests="1" name="MicroWebServiceTesting.CreateOrderWithPaymentNimbbl" time="5.017" errors="0" timestamp="2024-07-03T16:21:45 IST" skipped="0">
  <testcase classname="MicroWebServiceTesting.CreateOrderWithPaymentNimbbl" name="crateOrder" time="5.017"/>
  <system-out/>
</testsuite> <!-- MicroWebServiceTesting.CreateOrderWithPaymentNimbbl -->
