<?xml version="1.0" encoding="UTF-8"?>
<!-- Generated by org.testng.reporters.JUnitReportReporter -->
<testsuite hostname="TYSS-Abhay-Kumar" failures="0" tests="1" name="CRUDWithBDD.PostOperation" time="3.464" errors="0" timestamp="2024-07-08T15:46:29 IST" skipped="0">
  <testcase classname="CRUDWithBDD.PostOperation" name="createProject" time="3.464"/>
  <system-out/>
</testsuite> <!-- CRUDWithBDD.PostOperation -->
