<?xml version="1.0" encoding="UTF-8"?>
<!-- Generated by org.testng.reporters.JUnitReportReporter -->
<testsuite hostname="TYSS-Abhay-Kumar" failures="0" tests="1" name="CRUDWithBDD.PutOperation" time="2.935" errors="0" timestamp="2024-06-21T10:43:18 IST" skipped="0">
  <testcase classname="CRUDWithBDD.PutOperation" name="updateProject" time="2.935"/>
  <system-out/>
</testsuite> <!-- CRUDWithBDD.PutOperation -->
