<?xml version="1.0" encoding="UTF-8"?>
<!-- Generated by org.testng.reporters.JUnitReportReporter -->
<testsuite hostname="TYSS-Abhay-Kumar" failures="0" tests="1" name="responseValidationUsingRestAssuredAssertions.VerifyResponseHeaderTest" time="2.941" errors="0" timestamp="2024-06-22T11:04:52 IST" skipped="0">
  <testcase classname="responseValidationUsingRestAssuredAssertions.VerifyResponseHeaderTest" name="verifyHeader" time="2.941"/>
  <system-out/>
</testsuite> <!-- responseValidationUsingRestAssuredAssertions.VerifyResponseHeaderTest -->
